<?xml version="1.0" encoding="UTF-8"?>
<!-- Generated by org.testng.reporters.JUnitReportReporter -->
<testsuite hostname="RACLAP114-COMP" failures="0" tests="1" name="com.demo.Restassured_get" time="1.745" errors="0" timestamp="2022-01-20T15:39:00 IST" skipped="0">
  <testcase classname="com.demo.Restassured_get" name="get_01" time="1.745"/>
  <system-out/>
</testsuite> <!-- com.demo.Restassured_get -->
