<?xml version="1.0" encoding="UTF-8"?>
<!-- Generated by org.testng.reporters.JUnitReportReporter -->
<testsuite hostname="RACLAP114-COMP" failures="0" tests="1" name="com.demo.Restassured_Post" time="3.101" errors="0" timestamp="2022-01-20T15:22:15 IST" skipped="0">
  <testcase classname="com.demo.Restassured_Post" name="post_request" time="3.101"/>
  <system-out/>
</testsuite> <!-- com.demo.Restassured_Post -->
